<?xml version="1.0" encoding="UTF-8"?>
<!-- Generated by org.testng.reporters.JUnitXMLReporter -->
<testsuite ignored="0" hostname="Abdulraheem" failures="0" tests="4" name="Default test" time="22.047" errors="0" timestamp="2024-03-20T17:35:52 EET">
  <testcase classname="HotelSearchTest.BookingHotelTestCases" name="RandomlySelectHotelInRandomCity" time="0.472"/>
  <testcase classname="HotelSearchTest.BookingHotelTestCases" name="RandomlySelectNumberOfVistor" time="3.156"/>
  <testcase classname="HotelSearchTest.BookingHotelTestCases" name="PageFullyCompleted" time="10.048"/>
  <testcase classname="HotelSearchTest.BookingHotelTestCases" name="SortPricesFromLowToHigh" time="4.418"/>
</testsuite> <!-- Default test -->
