<?xml version="1.0" encoding="UTF-8"?>
<testng-results ignored="0" total="4" passed="4" failed="0" skipped="0">
  <reporter-output>
  </reporter-output>
  <suite started-at="2024-03-20T17:35:30 EET" name="Default suite" finished-at="2024-03-20T17:35:52 EET" duration-ms="22047">
    <groups>
    </groups>
    <test started-at="2024-03-20T17:35:30 EET" name="Default test" finished-at="2024-03-20T17:35:52 EET" duration-ms="22047">
      <class name="HotelSearchTest.BookingHotelTestCases">
        <test-method is-config="true" signature="mySetup()[pri:0, instance:HotelSearchTest.BookingHotelTestCases@615091b8]" started-at="2024-03-20T17:35:30 EET" name="mySetup" finished-at="2024-03-20T17:35:34 EET" duration-ms="3924" status="PASS">
          <reporter-output>
          </reporter-output>
        </test-method> <!-- mySetup -->
        <test-method signature="RandomlySelectHotelInRandomCity()[pri:1, instance:HotelSearchTest.BookingHotelTestCases@615091b8]" started-at="2024-03-20T17:35:34 EET" name="RandomlySelectHotelInRandomCity" finished-at="2024-03-20T17:35:35 EET" duration-ms="472" status="PASS">
          <reporter-output>
          </reporter-output>
        </test-method> <!-- RandomlySelectHotelInRandomCity -->
        <test-method signature="RandomlySelectNumberOfVistor()[pri:2, instance:HotelSearchTest.BookingHotelTestCases@615091b8]" started-at="2024-03-20T17:35:35 EET" name="RandomlySelectNumberOfVistor" finished-at="2024-03-20T17:35:38 EET" duration-ms="3156" status="PASS">
          <reporter-output>
          </reporter-output>
        </test-method> <!-- RandomlySelectNumberOfVistor -->
        <test-method signature="PageFullyCompleted()[pri:3, instance:HotelSearchTest.BookingHotelTestCases@615091b8]" started-at="2024-03-20T17:35:38 EET" name="PageFullyCompleted" finished-at="2024-03-20T17:35:48 EET" duration-ms="10048" status="PASS">
          <reporter-output>
          </reporter-output>
        </test-method> <!-- PageFullyCompleted -->
        <test-method signature="SortPricesFromLowToHigh()[pri:4, instance:HotelSearchTest.BookingHotelTestCases@615091b8]" started-at="2024-03-20T17:35:48 EET" name="SortPricesFromLowToHigh" finished-at="2024-03-20T17:35:52 EET" duration-ms="4418" status="PASS">
          <reporter-output>
          </reporter-output>
        </test-method> <!-- SortPricesFromLowToHigh -->
      </class> <!-- HotelSearchTest.BookingHotelTestCases -->
    </test> <!-- Default test -->
  </suite> <!-- Default suite -->
</testng-results>
